Using pre-set license
Built from '2020.3/staging' branch; Version is '2020.3.23f1 (c5d91304a876) revision 12966163'; Using compiler version '192528614'; Build Type 'Release'
OS: 'Windows 10 Enterprise; OS build 19043.1165; Version 2009; 64bit' Language: 'en' Physical Memory: 14269 MB
BatchMode: 1, IsHumanControllingUs: 0, StartBugReporterOnCrash: 0, Is64bit: 1, IsPro: 0

COMMAND LINE ARGUMENTS:
C:\Program Files\Unity\Hub\Editor\2020.3.23f1\Editor\Unity.exe
-adb2
-batchMode
-noUpm
-name
AssetImportWorker0
-projectPath
C:/Users/KarrJacob/Desktop/CS343 Final
-logFile
Logs/AssetImportWorker0.log
-srvPort
64288
Successfully changed project path to: C:/Users/KarrJacob/Desktop/CS343 Final
C:/Users/KarrJacob/Desktop/CS343 Final
Using Asset Import Pipeline V2.
Refreshing native plugins compatible for Editor in 116.69 ms, found 2 plugins.
Preloading 0 native plugins for Editor in 0.00 ms.
Initialize engine version: 2020.3.23f1 (c5d91304a876)
[Subsystems] Discovering subsystems at path C:/Program Files/Unity/Hub/Editor/2020.3.23f1/Editor/Data/Resources/UnitySubsystems
[Subsystems] Discovering subsystems at path C:/Users/KarrJacob/Desktop/CS343 Final/Assets
GfxDevice: creating device client; threaded=0
Direct3D:
    Version:  Direct3D 11.0 [level 11.1]
    Renderer: AMD Radeon(TM) Vega 8 Graphics (ID=0x15d8)
    Vendor:   
    VRAM:     7134 MB
    Driver:   27.20.21026.3004
Initialize mono
Mono path[0] = 'C:/Program Files/Unity/Hub/Editor/2020.3.23f1/Editor/Data/Managed'
Mono path[1] = 'C:/Program Files/Unity/Hub/Editor/2020.3.23f1/Editor/Data/MonoBleedingEdge/lib/mono/unityjit'
Mono config path = 'C:/Program Files/Unity/Hub/Editor/2020.3.23f1/Editor/Data/MonoBleedingEdge/etc'
Using monoOptions --debugger-agent=transport=dt_socket,embedding=1,server=y,suspend=n,address=127.0.0.1:56800
Begin MonoManager ReloadAssembly
Registering precompiled unity dll's ...
Register platform support module: C:/Program Files/Unity/Hub/Editor/2020.3.23f1/Editor/Data/PlaybackEngines/WindowsStandaloneSupport/UnityEditor.WindowsStandalone.Extensions.dll
Registered in 0.003921 seconds.
Native extension for WindowsStandalone target not found
Refreshing native plugins compatible for Editor in 83.16 ms, found 2 plugins.
Preloading 0 native plugins for Editor in 0.00 ms.
Mono: successfully reloaded assembly
- Completed reload, in  1.458 seconds
Domain Reload Profiling:
	ReloadAssembly (1458ms)
		BeginReloadAssembly (180ms)
			ExecutionOrderSort (0ms)
			DisableScriptedObjects (0ms)
			BackupInstance (0ms)
			ReleaseScriptingObjects (0ms)
			CreateAndSetChildDomain (2ms)
		EndReloadAssembly (1087ms)
			LoadAssemblies (173ms)
			RebuildTransferFunctionScriptingTraits (0ms)
			SetupTypeCache (379ms)
			ReleaseScriptCaches (0ms)
			RebuildScriptCaches (86ms)
			SetupLoadedEditorAssemblies (413ms)
				LogAssemblyErrors (0ms)
				InitializePlatformSupportModulesInManaged (8ms)
				SetLoadedEditorAssemblies (1ms)
				RefreshPlugins (83ms)
				BeforeProcessingInitializeOnLoad (29ms)
				ProcessInitializeOnLoadAttributes (218ms)
				ProcessInitializeOnLoadMethodAttributes (74ms)
				AfterProcessingInitializeOnLoad (0ms)
				EditorAssembliesLoaded (1ms)
			ExecutionOrderSort2 (0ms)
			AwakeInstancesAfterBackupRestoration (0ms)
Platform modules already initialized, skipping
Registering precompiled user dll's ...
Registered in 0.016016 seconds.
Begin MonoManager ReloadAssembly
Native extension for WindowsStandalone target not found
Refreshing native plugins compatible for Editor in 1.82 ms, found 2 plugins.
Preloading 0 native plugins for Editor in 0.00 ms.
Mono: successfully reloaded assembly
- Completed reload, in  2.596 seconds
Domain Reload Profiling:
	ReloadAssembly (2598ms)
		BeginReloadAssembly (382ms)
			ExecutionOrderSort (0ms)
			DisableScriptedObjects (9ms)
			BackupInstance (0ms)
			ReleaseScriptingObjects (0ms)
			CreateAndSetChildDomain (51ms)
		EndReloadAssembly (2067ms)
			LoadAssemblies (272ms)
			RebuildTransferFunctionScriptingTraits (0ms)
			SetupTypeCache (612ms)
			ReleaseScriptCaches (1ms)
			RebuildScriptCaches (114ms)
			SetupLoadedEditorAssemblies (830ms)
				LogAssemblyErrors (0ms)
				InitializePlatformSupportModulesInManaged (12ms)
				SetLoadedEditorAssemblies (1ms)
				RefreshPlugins (2ms)
				BeforeProcessingInitializeOnLoad (149ms)
				ProcessInitializeOnLoadAttributes (538ms)
				ProcessInitializeOnLoadMethodAttributes (111ms)
				AfterProcessingInitializeOnLoad (17ms)
				EditorAssembliesLoaded (0ms)
			ExecutionOrderSort2 (0ms)
			AwakeInstancesAfterBackupRestoration (12ms)
Platform modules already initialized, skipping
========================================================================
Worker process is ready to serve import requests
Launched and connected shader compiler UnityShaderCompiler.exe after 0.22 seconds
Refreshing native plugins compatible for Editor in 1.50 ms, found 2 plugins.
Preloading 0 native plugins for Editor in 0.00 ms.
Unloading 2119 Unused Serialized files (Serialized files now loaded: 0)
System memory in use before: 84.4 MB.
System memory in use after: 84.5 MB.

Unloading 58 unused Assets to reduce memory usage. Loaded Objects now: 2523.
Total: 18.568800 ms (FindLiveObjects: 0.487100 ms CreateObjectMapping: 0.301200 ms MarkObjects: 17.549800 ms  DeleteObjects: 0.227000 ms)

AssetImportParameters requested are different than current active one (requested -> active):
  custom:framework-win-MediaFoundation: 216162199b28c13a410421893ffa2e32 -> 
  custom:video-decoder-ogg-theora: a1e56fd34408186e4bbccfd4996cb3dc -> 
  custom:container-muxer-webm: aa71ff27fc2769a1b78a27578f13a17b -> 
  custom:container-demuxer-webm: 4f35f7cbe854078d1ac9338744f61a02 -> 
  custom:container-demuxer-ogg: 62fdf1f143b41e24485cea50d1cbac27 -> 
  custom:video-encoder-webm-vp8: eb34c28f22e8b96e1ab97ce403110664 -> 
  custom:video-decoder-webm-vp8: 9c59270c3fd7afecdb556c50c9e8de78 -> 
  custom:audio-decoder-ogg-vorbis: bf7c407c2cedff20999df2af8eb42d56 -> 
  custom:audio-encoder-webm-vorbis: bf7c407c2cedff20999df2af8eb42d56 -> 
========================================================================
Received Import Request.
  path: Assets/Scenes
  artifactKey: Guid(3430a28a3f1d0e3438e14a5423d133dd) Importer(815301076,1909f56bfc062723c751e8b465ee728b)
Start importing Assets/Scenes using Guid(3430a28a3f1d0e3438e14a5423d133dd) Importer(815301076,1909f56bfc062723c751e8b465ee728b)  -> (artifact id: 'f11a9c7d8165700160287a09e7e51532') in 0.023630 seconds 
  Import took 0.031171 seconds .

========================================================================
Received Import Request.
  Time since last request: 0.000413 seconds.
  path: Assets/Scenes/SampleScene.unity
  artifactKey: Guid(9fc0d4010bbf28b4594072e72b8655ab) Importer(815301076,1909f56bfc062723c751e8b465ee728b)
Start importing Assets/Scenes/SampleScene.unity using Guid(9fc0d4010bbf28b4594072e72b8655ab) Importer(815301076,1909f56bfc062723c751e8b465ee728b)  -> (artifact id: '85059f4f9e1a832ed95adaa0d25c5c4c') in 0.031386 seconds 
  Import took 0.038280 seconds .

========================================================================
Received Import Request.
  Time since last request: 33.375048 seconds.
  path: Assets/Scenes/Skybox Scene.unity
  artifactKey: Guid(19ffb6189b7a49f4fb076372f09e3232) Importer(815301076,1909f56bfc062723c751e8b465ee728b)
Start importing Assets/Scenes/Skybox Scene.unity using Guid(19ffb6189b7a49f4fb076372f09e3232) Importer(815301076,1909f56bfc062723c751e8b465ee728b)  -> (artifact id: '5ddabc2fe7fbc0298c40c763ddfb397a') in 0.026035 seconds 
  Import took 0.034916 seconds .

========================================================================
Received Import Request.
  Time since last request: 8.445125 seconds.
  path: Assets/Resources
  artifactKey: Guid(bc5c3cb604c6fb14690489580bcb6915) Importer(815301076,1909f56bfc062723c751e8b465ee728b)
Start importing Assets/Resources using Guid(bc5c3cb604c6fb14690489580bcb6915) Importer(815301076,1909f56bfc062723c751e8b465ee728b)  -> (artifact id: '57537750652da43584a4ceed81b20304') in 0.020617 seconds 
  Import took 0.031117 seconds .

========================================================================
Received Import Request.
  Time since last request: 2.145145 seconds.
  path: Assets/Resources/BillingMode.json
  artifactKey: Guid(01ee5d9b2a915f44080cca2e2d932a48) Importer(815301076,1909f56bfc062723c751e8b465ee728b)
Start importing Assets/Resources/BillingMode.json using Guid(01ee5d9b2a915f44080cca2e2d932a48) Importer(815301076,1909f56bfc062723c751e8b465ee728b)  -> (artifact id: '68c982ed304cffdc17943923d04efd30') in 0.271657 seconds 
  Import took 0.278927 seconds .

========================================================================
Received Import Request.
  Time since last request: 15.316566 seconds.
  path: Assets
  artifactKey: Guid(00000000000000001000000000000000) Importer(815301076,1909f56bfc062723c751e8b465ee728b)
Start importing Assets using Guid(00000000000000001000000000000000) Importer(815301076,1909f56bfc062723c751e8b465ee728b)  -> (artifact id: '42d402b061de3733987d63b9cc3b64de') in 0.027059 seconds 
  Import took 0.036045 seconds .

========================================================================
Received Import Request.
  Time since last request: 7.723494 seconds.
  path: Assets/Shaders
  artifactKey: Guid(a2d2a0893862ac44cbd56813573a5d1c) Importer(815301076,1909f56bfc062723c751e8b465ee728b)
Start importing Assets/Shaders using Guid(a2d2a0893862ac44cbd56813573a5d1c) Importer(815301076,1909f56bfc062723c751e8b465ee728b)  -> (artifact id: 'a60c8443aebfad8ee8cbced6ad1692f7') in 0.023836 seconds 
  Import took 0.034888 seconds .

========================================================================
Received Import Request.
  Time since last request: 6.442532 seconds.
  path: Assets/Models
  artifactKey: Guid(ed3a21954262aaa4e95bac305ddc7e42) Importer(815301076,1909f56bfc062723c751e8b465ee728b)
Start importing Assets/Models using Guid(ed3a21954262aaa4e95bac305ddc7e42) Importer(815301076,1909f56bfc062723c751e8b465ee728b)  -> (artifact id: 'b2f5da0c3b108cd577caf269afef6459') in 0.023875 seconds 
  Import took 0.033459 seconds .

========================================================================
Received Import Request.
  Time since last request: 7.038894 seconds.
  path: Assets/Scripts
  artifactKey: Guid(92462818730def14f89c4b6ceb0648ca) Importer(815301076,1909f56bfc062723c751e8b465ee728b)
Start importing Assets/Scripts using Guid(92462818730def14f89c4b6ceb0648ca) Importer(815301076,1909f56bfc062723c751e8b465ee728b)  -> (artifact id: 'a114ff51847ba711add1e68fcebe0d92') in 0.022283 seconds 
  Import took 0.030529 seconds .

========================================================================
Received Import Request.
  Time since last request: 6.739717 seconds.
  path: Assets/Materials
  artifactKey: Guid(4d3dbcb59b6f118469ed1bce36d1d1f3) Importer(815301076,1909f56bfc062723c751e8b465ee728b)
Start importing Assets/Materials using Guid(4d3dbcb59b6f118469ed1bce36d1d1f3) Importer(815301076,1909f56bfc062723c751e8b465ee728b)  -> (artifact id: 'ec6a7ce047641e1a1f27f7274365a709') in 0.022674 seconds 
  Import took 0.031244 seconds .

========================================================================
Received Prepare
Registering precompiled user dll's ...
Registered in 0.014937 seconds.
Begin MonoManager ReloadAssembly
Native extension for WindowsStandalone target not found
Refreshing native plugins compatible for Editor in 1.38 ms, found 2 plugins.
Preloading 0 native plugins for Editor in 0.00 ms.
Mono: successfully reloaded assembly
- Completed reload, in  2.754 seconds
Domain Reload Profiling:
	ReloadAssembly (2755ms)
		BeginReloadAssembly (230ms)
			ExecutionOrderSort (0ms)
			DisableScriptedObjects (29ms)
			BackupInstance (0ms)
			ReleaseScriptingObjects (0ms)
			CreateAndSetChildDomain (62ms)
		EndReloadAssembly (2318ms)
			LoadAssemblies (206ms)
			RebuildTransferFunctionScriptingTraits (0ms)
			SetupTypeCache (817ms)
			ReleaseScriptCaches (2ms)
			RebuildScriptCaches (92ms)
			SetupLoadedEditorAssemblies (816ms)
				LogAssemblyErrors (0ms)
				InitializePlatformSupportModulesInManaged (9ms)
				SetLoadedEditorAssemblies (1ms)
				RefreshPlugins (2ms)
				BeforeProcessingInitializeOnLoad (129ms)
				ProcessInitializeOnLoadAttributes (587ms)
				ProcessInitializeOnLoadMethodAttributes (77ms)
				AfterProcessingInitializeOnLoad (11ms)
				EditorAssembliesLoaded (0ms)
			ExecutionOrderSort2 (0ms)
			AwakeInstancesAfterBackupRestoration (13ms)
Platform modules already initialized, skipping
Refreshing native plugins compatible for Editor in 2.01 ms, found 2 plugins.
Preloading 0 native plugins for Editor in 0.00 ms.
Unloading 2113 Unused Serialized files (Serialized files now loaded: 0)
System memory in use before: 84.3 MB.
System memory in use after: 84.4 MB.

Unloading 49 unused Assets to reduce memory usage. Loaded Objects now: 2525.
Total: 17.592900 ms (FindLiveObjects: 0.418900 ms CreateObjectMapping: 0.151500 ms MarkObjects: 16.953900 ms  DeleteObjects: 0.065400 ms)

AssetImportParameters requested are different than current active one (requested -> active):
  custom:framework-win-MediaFoundation: 216162199b28c13a410421893ffa2e32 -> 
  custom:video-decoder-ogg-theora: a1e56fd34408186e4bbccfd4996cb3dc -> 
  custom:container-muxer-webm: aa71ff27fc2769a1b78a27578f13a17b -> 
  custom:container-demuxer-webm: 4f35f7cbe854078d1ac9338744f61a02 -> 
  custom:container-demuxer-ogg: 62fdf1f143b41e24485cea50d1cbac27 -> 
  custom:video-encoder-webm-vp8: eb34c28f22e8b96e1ab97ce403110664 -> 
  custom:video-decoder-webm-vp8: 9c59270c3fd7afecdb556c50c9e8de78 -> 
  custom:audio-decoder-ogg-vorbis: bf7c407c2cedff20999df2af8eb42d56 -> 
  custom:audio-encoder-webm-vorbis: bf7c407c2cedff20999df2af8eb42d56 -> 
========================================================================
Received Import Request.
  Time since last request: 151.068776 seconds.
  path: Assets/Shaders/Skybox.shader
  artifactKey: Guid(fc404574dd71112489ec272b6e1a7909) Importer(815301076,1909f56bfc062723c751e8b465ee728b)
Start importing Assets/Shaders/Skybox.shader using Guid(fc404574dd71112489ec272b6e1a7909) Importer(815301076,1909f56bfc062723c751e8b465ee728b)  -> (artifact id: '89fcdee6f881d7f4d79f32e8b475e7fb') in 0.057722 seconds 
  Import took 0.065045 seconds .

========================================================================
Received Import Request.
  Time since last request: 341.584447 seconds.
  path: Assets/Shaders/Skybox.shader
  artifactKey: Guid(fc404574dd71112489ec272b6e1a7909) Importer(815301076,1909f56bfc062723c751e8b465ee728b)
Start importing Assets/Shaders/Skybox.shader using Guid(fc404574dd71112489ec272b6e1a7909) Importer(815301076,1909f56bfc062723c751e8b465ee728b)  -> (artifact id: 'da98129e2dfdb6d2421e99d2ec9539ca') in 0.017957 seconds 
  Import took 0.030111 seconds .

========================================================================
Received Import Request.
  Time since last request: 494.106516 seconds.
  path: Assets/Shaders/Skybox.shader
  artifactKey: Guid(fc404574dd71112489ec272b6e1a7909) Importer(815301076,1909f56bfc062723c751e8b465ee728b)
Start importing Assets/Shaders/Skybox.shader using Guid(fc404574dd71112489ec272b6e1a7909) Importer(815301076,1909f56bfc062723c751e8b465ee728b)  -> (artifact id: 'cdb1977718a9760eb6c804253f5cfc2d') in 0.009372 seconds 
  Import took 0.018597 seconds .

AssetImportWorkerClient::OnTransportError - code=2 error=End of file
